Unity Editor version:    2020.3.27f1 (e759542391ea)
Branch:                  2020.3/release
Build type:              Release
Batch mode:              YES
macOS version:           Version 11.2.1 (Build 20D74)
Darwin version:          20.3.0
Architecture:            x86_64
Running under Rosetta:   NO
Available memory:        16384 MB
Using pre-set license
Pro License: NO

COMMAND LINE ARGUMENTS:
/Applications/2020.3.27f1/Unity.app/Contents/MacOS/Unity
-adb2
-batchMode
-noUpm
-name
AssetImportWorker0
-projectPath
/Users/game5/My project
-logFile
Logs/AssetImportWorker0.log
-srvPort
53130
Successfully changed project path to: /Users/game5/My project
Could not lock editor preferences. Preferences updates for this instance of Unity will not be saved./Users/game5/My project
Using Asset Import Pipeline V2.
Refreshing native plugins compatible for Editor in 22.67 ms, found 2 plugins.
Preloading 0 native plugins for Editor in 0.00 ms.
Initialize engine version: 2020.3.27f1 (e759542391ea)
[Subsystems] Discovering subsystems at path /Applications/2020.3.27f1/Unity.app/Contents/Resources/UnitySubsystems
[Subsystems] Discovering subsystems at path /Users/game5/My project/Assets
GfxDevice: creating device client; threaded=0
2023-11-21 13:52:44.822 Unity[7345:348327] iMac preferred device: AMD Radeon Pro 5500 XT (high power)
2023-11-21 13:52:44.822 Unity[7345:348327] Metal devices available: 1
2023-11-21 13:52:44.822 Unity[7345:348327] 0: AMD Radeon Pro 5500 XT (high power)
2023-11-21 13:52:44.823 Unity[7345:348327] Using device AMD Radeon Pro 5500 XT (high power)
Initializing Metal device caps: AMD Radeon Pro 5500 XT
Initialize mono
Mono path[0] = '/Applications/2020.3.27f1/Unity.app/Contents/Managed'
Mono path[1] = '/Applications/2020.3.27f1/Unity.app/Contents/MonoBleedingEdge/lib/mono/unityjit'
Mono config path = '/Applications/2020.3.27f1/Unity.app/Contents/MonoBleedingEdge/etc'
Using monoOptions --debugger-agent=transport=dt_socket,embedding=1,server=y,suspend=n,address=127.0.0.1:56345
Begin MonoManager ReloadAssembly
Registering precompiled unity dll's ...
Register platform support module: /Applications/2020.3.27f1/Unity.app/Contents/PlaybackEngines/MacStandaloneSupport/UnityEditor.OSXStandalone.Extensions.dll
Registered in 0.000438 seconds.
Native extension for OSXStandalone target not found
Refreshing native plugins compatible for Editor in 24.97 ms, found 2 plugins.
Preloading 0 native plugins for Editor in 0.00 ms.
Mono: successfully reloaded assembly
- Completed reload, in  0.539 seconds
Domain Reload Profiling:
	ReloadAssembly (539ms)
		BeginReloadAssembly (38ms)
			ExecutionOrderSort (0ms)
			DisableScriptedObjects (0ms)
			BackupInstance (0ms)
			ReleaseScriptingObjects (0ms)
			CreateAndSetChildDomain (1ms)
		EndReloadAssembly (435ms)
			LoadAssemblies (38ms)
			RebuildTransferFunctionScriptingTraits (0ms)
			SetupTypeCache (160ms)
			ReleaseScriptCaches (0ms)
			RebuildScriptCaches (33ms)
			SetupLoadedEditorAssemblies (167ms)
				LogAssemblyErrors (0ms)
				InitializePlatformSupportModulesInManaged (4ms)
				SetLoadedEditorAssemblies (0ms)
				RefreshPlugins (25ms)
				BeforeProcessingInitializeOnLoad (7ms)
				ProcessInitializeOnLoadAttributes (102ms)
				ProcessInitializeOnLoadMethodAttributes (30ms)
				AfterProcessingInitializeOnLoad (0ms)
				EditorAssembliesLoaded (0ms)
			ExecutionOrderSort2 (0ms)
			AwakeInstancesAfterBackupRestoration (0ms)
Platform modules already initialized, skipping
Registering precompiled user dll's ...
Registered in 0.001595 seconds.
Begin MonoManager ReloadAssembly
Native extension for OSXStandalone target not found
Refreshing native plugins compatible for Editor in 0.27 ms, found 2 plugins.
Preloading 0 native plugins for Editor in 0.00 ms.
Mono: successfully reloaded assembly
- Completed reload, in  0.942 seconds
Domain Reload Profiling:
	ReloadAssembly (943ms)
		BeginReloadAssembly (146ms)
			ExecutionOrderSort (0ms)
			DisableScriptedObjects (5ms)
			BackupInstance (0ms)
			ReleaseScriptingObjects (0ms)
			CreateAndSetChildDomain (29ms)
		EndReloadAssembly (739ms)
			LoadAssemblies (70ms)
			RebuildTransferFunctionScriptingTraits (0ms)
			SetupTypeCache (285ms)
			ReleaseScriptCaches (0ms)
			RebuildScriptCaches (45ms)
			SetupLoadedEditorAssemblies (247ms)
				LogAssemblyErrors (0ms)
				InitializePlatformSupportModulesInManaged (4ms)
				SetLoadedEditorAssemblies (0ms)
				RefreshPlugins (0ms)
				BeforeProcessingInitializeOnLoad (41ms)
				ProcessInitializeOnLoadAttributes (193ms)
				ProcessInitializeOnLoadMethodAttributes (8ms)
				AfterProcessingInitializeOnLoad (1ms)
				EditorAssembliesLoaded (0ms)
			ExecutionOrderSort2 (0ms)
			AwakeInstancesAfterBackupRestoration (7ms)
Platform modules already initialized, skipping
Validating Project structure ... 0.000166 seconds.
Shader import version has changed; will reimport all shaders...
Upgrading shader files ...0.000229 seconds.
Application.AssetDatabase Initial Script Refresh Start
RefreshInfo: InitialScriptRefreshV2(NoUpdateAssetOptions) scanfilter:  ... 1 filters
RefreshProfiler: Total: 0.000ms
Application.AssetDatabase Initial Script Refresh End
Application.AssetDatabase.Refresh Start
Application.AssetDatabase.Refresh End
RefreshInfo: StopAssetImportingV2(ForceSynchronousImport) scanfilter: 
RefreshProfiler: Total: 0.000ms
Launching external process: /Applications/2020.3.27f1/Unity.app/Contents/Tools/UnityShaderCompiler
Launched and connected shader compiler UnityShaderCompiler after 0.01 seconds
Initializing Unity extensions:
========================================================================
Worker process is ready to serve import requests
Refreshing native plugins compatible for Editor in 0.26 ms, found 2 plugins.
Preloading 0 native plugins for Editor in 0.00 ms.
Unloading 1504 Unused Serialized files (Serialized files now loaded: 0)
System memory in use before: 176.2 MB.
System memory in use after: 175.4 MB.

Unloading 80 unused Assets to reduce memory usage. Loaded Objects now: 1975.
Total: 2.573735 ms (FindLiveObjects: 0.108503 ms CreateObjectMapping: 0.039930 ms MarkObjects: 2.025388 ms  DeleteObjects: 0.399303 ms)

AssetImportParameters requested are different than current active one (requested -> active):
  custom:video-decoder-ogg-theora: a1e56fd34408186e4bbccfd4996cb3dc -> 
  custom:container-muxer-webm: aa71ff27fc2769a1b78a27578f13a17b -> 
  custom:container-demuxer-webm: 4f35f7cbe854078d1ac9338744f61a02 -> 
  custom:container-demuxer-ogg: 62fdf1f143b41e24485cea50d1cbac27 -> 
  custom:video-encoder-webm-vp8: eb34c28f22e8b96e1ab97ce403110664 -> 
  custom:framework-osx-AVFoundation: e770b220cccbd017edd2c1fefb359320 -> 
  custom:video-decoder-webm-vp8: 9c59270c3fd7afecdb556c50c9e8de78 -> 
  custom:audio-decoder-ogg-vorbis: bf7c407c2cedff20999df2af8eb42d56 -> 
  custom:audio-encoder-webm-vorbis: bf7c407c2cedff20999df2af8eb42d56 -> 
========================================================================
Received Import Request.
  path: Assets/Scripts
  artifactKey: Guid(b086c2714ba484ca5ab39a105e651738) Importer(815301076,1909f56bfc062723c751e8b465ee728b)
Start importing Assets/Scripts using Guid(b086c2714ba484ca5ab39a105e651738) Importer(815301076,1909f56bfc062723c751e8b465ee728b)  -> (artifact id: 'd39f4c02aff14f666737c301affbe966') in 0.003549 seconds 
  Import took 0.005165 seconds .

========================================================================
Received Import Request.
  Time since last request: 12.143960 seconds.
  path: Assets/Scripts/PlayerController.cs
  artifactKey: Guid(28ae91982c4c0437f9fc2113e7f85a34) Importer(815301076,1909f56bfc062723c751e8b465ee728b)
Start importing Assets/Scripts/PlayerController.cs using Guid(28ae91982c4c0437f9fc2113e7f85a34) Importer(815301076,1909f56bfc062723c751e8b465ee728b)  -> (artifact id: 'fa62fa8391d32b35302bedf52c5e1b9c') in 0.275858 seconds 
  Import took 0.280724 seconds .

========================================================================
Received Prepare
Registering precompiled user dll's ...
Registered in 0.001752 seconds.
Begin MonoManager ReloadAssembly
Native extension for OSXStandalone target not found
Refreshing native plugins compatible for Editor in 1.01 ms, found 2 plugins.
Preloading 0 native plugins for Editor in 0.00 ms.
Mono: successfully reloaded assembly
- Completed reload, in  0.939 seconds
Domain Reload Profiling:
	ReloadAssembly (939ms)
		BeginReloadAssembly (102ms)
			ExecutionOrderSort (0ms)
			DisableScriptedObjects (5ms)
			BackupInstance (0ms)
			ReleaseScriptingObjects (0ms)
			CreateAndSetChildDomain (48ms)
		EndReloadAssembly (780ms)
			LoadAssemblies (61ms)
			RebuildTransferFunctionScriptingTraits (0ms)
			SetupTypeCache (286ms)
			ReleaseScriptCaches (1ms)
			RebuildScriptCaches (44ms)
			SetupLoadedEditorAssemblies (280ms)
				LogAssemblyErrors (0ms)
				InitializePlatformSupportModulesInManaged (4ms)
				SetLoadedEditorAssemblies (1ms)
				RefreshPlugins (1ms)
				BeforeProcessingInitializeOnLoad (80ms)
				ProcessInitializeOnLoadAttributes (185ms)
				ProcessInitializeOnLoadMethodAttributes (8ms)
				AfterProcessingInitializeOnLoad (1ms)
				EditorAssembliesLoaded (0ms)
			ExecutionOrderSort2 (0ms)
			AwakeInstancesAfterBackupRestoration (6ms)
Platform modules already initialized, skipping
Refreshing native plugins compatible for Editor in 0.25 ms, found 2 plugins.
Preloading 0 native plugins for Editor in 0.00 ms.
Unloading 1498 Unused Serialized files (Serialized files now loaded: 0)
System memory in use before: 180.6 MB.
System memory in use after: 180.7 MB.

Unloading 15 unused Assets to reduce memory usage. Loaded Objects now: 1979.
Total: 2.043768 ms (FindLiveObjects: 0.104836 ms CreateObjectMapping: 0.039270 ms MarkObjects: 1.887917 ms  DeleteObjects: 0.010781 ms)

AssetImportParameters requested are different than current active one (requested -> active):
  custom:video-decoder-ogg-theora: a1e56fd34408186e4bbccfd4996cb3dc -> 
  custom:container-muxer-webm: aa71ff27fc2769a1b78a27578f13a17b -> 
  custom:container-demuxer-webm: 4f35f7cbe854078d1ac9338744f61a02 -> 
  custom:container-demuxer-ogg: 62fdf1f143b41e24485cea50d1cbac27 -> 
  custom:video-encoder-webm-vp8: eb34c28f22e8b96e1ab97ce403110664 -> 
  custom:framework-osx-AVFoundation: e770b220cccbd017edd2c1fefb359320 -> 
  custom:video-decoder-webm-vp8: 9c59270c3fd7afecdb556c50c9e8de78 -> 
  custom:audio-decoder-ogg-vorbis: bf7c407c2cedff20999df2af8eb42d56 -> 
  custom:audio-encoder-webm-vorbis: bf7c407c2cedff20999df2af8eb42d56 -> 
========================================================================
Received Import Request.
  Time since last request: 558.121131 seconds.
  path: Assets
  artifactKey: Guid(00000000000000001000000000000000) Importer(815301076,1909f56bfc062723c751e8b465ee728b)
Start importing Assets using Guid(00000000000000001000000000000000) Importer(815301076,1909f56bfc062723c751e8b465ee728b)  -> (artifact id: '42d402b061de3733987d63b9cc3b64de') in 0.002792 seconds 
  Import took 0.004973 seconds .

========================================================================
Received Import Request.
  Time since last request: 19.932025 seconds.
  path: Assets/New Material.mat
  artifactKey: Guid(78c661cdbae0f4bafb275d5c52d8fecd) Importer(815301076,1909f56bfc062723c751e8b465ee728b)
Start importing Assets/New Material.mat using Guid(78c661cdbae0f4bafb275d5c52d8fecd) Importer(815301076,1909f56bfc062723c751e8b465ee728b)  -> (artifact id: '728a6aa5dac2dba4840c9bf40f165177') in 0.907021 seconds 
  Import took 0.911373 seconds .

========================================================================
Received Import Request.
  Time since last request: 27.420163 seconds.
  path: Assets/New Material 1.mat
  artifactKey: Guid(d4ed73fbd6d54420b936d69e91174757) Importer(815301076,1909f56bfc062723c751e8b465ee728b)
Start importing Assets/New Material 1.mat using Guid(d4ed73fbd6d54420b936d69e91174757) Importer(815301076,1909f56bfc062723c751e8b465ee728b)  -> (artifact id: '2688fd6beaffbd0bbb24b1cb3e9556c4') in 0.025519 seconds 
  Import took 0.028242 seconds .

========================================================================
Received Import Request.
  Time since last request: 129.280823 seconds.
  path: Assets/New Material 2.mat
  artifactKey: Guid(113091ac68b3346049ccffe3966bc062) Importer(815301076,1909f56bfc062723c751e8b465ee728b)
Start importing Assets/New Material 2.mat using Guid(113091ac68b3346049ccffe3966bc062) Importer(815301076,1909f56bfc062723c751e8b465ee728b)  -> (artifact id: 'a921620320136438b10663d499e735d4') in 0.008864 seconds 
  Import took 0.011436 seconds .

========================================================================
Received Import Request.
  Time since last request: 24.084536 seconds.
  path: Assets/New Material 3.mat
  artifactKey: Guid(9a3ae6ba6062144eeaa6612df66450a8) Importer(815301076,1909f56bfc062723c751e8b465ee728b)
Start importing Assets/New Material 3.mat using Guid(9a3ae6ba6062144eeaa6612df66450a8) Importer(815301076,1909f56bfc062723c751e8b465ee728b)  -> (artifact id: '8a698aeb39077666b001ea8c34fcb9d9') in 0.009539 seconds 
  Import took 0.011743 seconds .

========================================================================
Received Import Request.
  Time since last request: 81.080618 seconds.
  path: Assets/New Material 1.mat
  artifactKey: Guid(d4ed73fbd6d54420b936d69e91174757) Importer(815301076,1909f56bfc062723c751e8b465ee728b)
Start importing Assets/New Material 1.mat using Guid(d4ed73fbd6d54420b936d69e91174757) Importer(815301076,1909f56bfc062723c751e8b465ee728b)  -> (artifact id: '2e90b988b67ebce00119adba0b016844') in 0.006638 seconds 
  Import took 0.008681 seconds .

========================================================================
Received Import Request.
  Time since last request: 0.000147 seconds.
  path: Assets/New Material 2.mat
  artifactKey: Guid(113091ac68b3346049ccffe3966bc062) Importer(815301076,1909f56bfc062723c751e8b465ee728b)
Start importing Assets/New Material 2.mat using Guid(113091ac68b3346049ccffe3966bc062) Importer(815301076,1909f56bfc062723c751e8b465ee728b)  -> (artifact id: '3049d617c43ac2f9407c9ea206d32554') in 0.007350 seconds 
  Import took 0.009282 seconds .

========================================================================
Received Import Request.
  Time since last request: 0.000168 seconds.
  path: Assets/New Material.mat
  artifactKey: Guid(78c661cdbae0f4bafb275d5c52d8fecd) Importer(815301076,1909f56bfc062723c751e8b465ee728b)
Start importing Assets/New Material.mat using Guid(78c661cdbae0f4bafb275d5c52d8fecd) Importer(815301076,1909f56bfc062723c751e8b465ee728b)  -> (artifact id: 'cb4ff3423dcd880ed0c0893320854b04') in 0.006594 seconds 
  Import took 0.008795 seconds .

========================================================================
Received Import Request.
  Time since last request: 0.000184 seconds.
  path: Assets/New Material 3.mat
  artifactKey: Guid(9a3ae6ba6062144eeaa6612df66450a8) Importer(815301076,1909f56bfc062723c751e8b465ee728b)
Start importing Assets/New Material 3.mat using Guid(9a3ae6ba6062144eeaa6612df66450a8) Importer(815301076,1909f56bfc062723c751e8b465ee728b)  -> (artifact id: 'f5965e336cd226adf8a2990ee09eeffd') in 0.008510 seconds 
  Import took 0.010893 seconds .

AssetImportWorkerClient::OnTransportError - code=2 error=End of file
